# JRE version: OpenJDK Runtime Environment Temurin-17.0.7+7 (17.0.7+7) (build 17.0.7+7)
# Java VM: OpenJDK 64-Bit Server VM Temurin-17.0.7+7 (17.0.7+7, mixed mode, sharing, tiered, compressed oops, compressed class ptrs, g1 gc, windows-amd64)
GC Precious Log:
 CPUs: 16 total, 16 available
 Memory: 16024M
 Large Page Support: Disabled
 NUMA Support: Disabled
 Compressed Oops: Enabled (Zero based)
 Heap Region Size: 2M
 Heap Min Capacity: 512M
 Heap Initial Capacity: 512M
 Heap Max Capacity: 4072M
 Pre-touch: Disabled
 Parallel Workers: 13
 Concurrent Workers: 3
 Concurrent Refinement Workers: 13
 Periodic GC: Disabled
 String Deduplication is enabled
Heap:
 garbage-first heap   total 524288K, used 118393K [0x0000000701800000, 0x0000000800000000)
  region size 2048K, 18 young (36864K), 2 survivors (4096K)
 Metaspace       used 78192K, committed 78784K, reserved 1179648K
  class space    used 10851K, committed 11136K, reserved 1048576K
GC Heap History (20 events):
Event: 183.334 GC heap before
{Heap before GC invocations=29 (full 1):
 garbage-first heap   total 524288K, used 161182K [0x0000000701800000, 0x0000000800000000)
  region size 2048K, 40 young (81920K), 3 survivors (6144K)
 Metaspace       used 77503K, committed 78080K, reserved 1179648K
  class space    used 10828K, committed 11072K, reserved 1048576K
}
Event: 183.339 GC heap after
{Heap after GC invocations=30 (full 1):
 garbage-first heap   total 524288K, used 85948K [0x0000000701800000, 0x0000000800000000)
  region size 2048K, 3 young (6144K), 3 survivors (6144K)
 Metaspace       used 77503K, committed 78080K, reserved 1179648K
  class space    used 10828K, committed 11072K, reserved 1048576K
}
Event: 185.396 GC heap before
{Heap before GC invocations=30 (full 1):
 garbage-first heap   total 524288K, used 161724K [0x0000000701800000, 0x0000000800000000)
  region size 2048K, 40 young (81920K), 3 survivors (6144K)
 Metaspace       used 77572K, committed 78144K, reserved 1179648K
  class space    used 10829K, committed 11072K, reserved 1048576K
}
Event: 185.400 GC heap after
{Heap after GC invocations=31 (full 1):
 garbage-first heap   total 524288K, used 86237K [0x0000000701800000, 0x0000000800000000)
  region size 2048K, 2 young (4096K), 2 survivors (4096K)
 Metaspace       used 77572K, committed 78144K, reserved 1179648K
  class space    used 10829K, committed 11072K, reserved 1048576K
}
Event: 205.434 GC heap before
{Heap before GC invocations=31 (full 1):
 garbage-first heap   total 524288K, used 164061K [0x0000000701800000, 0x0000000800000000)
  region size 2048K, 40 young (81920K), 2 survivors (4096K)
 Metaspace       used 77685K, committed 78208K, reserved 1179648K
  class space    used 10830K, committed 11072K, reserved 1048576K
}
Event: 205.442 GC heap after
{Heap after GC invocations=32 (full 1):
 garbage-first heap   total 524288K, used 86159K [0x0000000701800000, 0x0000000800000000)
  region size 2048K, 2 young (4096K), 2 survivors (4096K)
 Metaspace       used 77685K, committed 78208K, reserved 1179648K
  class space    used 10830K, committed 11072K, reserved 1048576K
}
Event: 223.111 GC heap before
{Heap before GC invocations=32 (full 1):
 garbage-first heap   total 524288K, used 163983K [0x0000000701800000, 0x0000000800000000)
  region size 2048K, 40 young (81920K), 2 survivors (4096K)
 Metaspace       used 77748K, committed 78336K, reserved 1179648K
  class space    used 10830K, committed 11072K, reserved 1048576K
}
Event: 223.117 GC heap after
{Heap after GC invocations=33 (full 1):
 garbage-first heap   total 524288K, used 86126K [0x0000000701800000, 0x0000000800000000)
  region size 2048K, 2 young (4096K), 2 survivors (4096K)
 Metaspace       used 77748K, committed 78336K, reserved 1179648K
  class space    used 10830K, committed 11072K, reserved 1048576K
}
Event: 225.894 GC heap before
{Heap before GC invocations=33 (full 1):
 garbage-first heap   total 524288K, used 163950K [0x0000000701800000, 0x0000000800000000)
  region size 2048K, 40 young (81920K), 2 survivors (4096K)
 Metaspace       used 77757K, committed 78336K, reserved 1179648K
  class space    used 10830K, committed 11072K, reserved 1048576K
}
Event: 225.897 GC heap after
{Heap after GC invocations=34 (full 1):
 garbage-first heap   total 524288K, used 85964K [0x0000000701800000, 0x0000000800000000)
  region size 2048K, 2 young (4096K), 2 survivors (4096K)
 Metaspace       used 77757K, committed 78336K, reserved 1179648K
  class space    used 10830K, committed 11072K, reserved 1048576K
}
Event: 242.393 GC heap before
{Heap before GC invocations=34 (full 1):
 garbage-first heap   total 524288K, used 163788K [0x0000000701800000, 0x0000000800000000)
  region size 2048K, 40 young (81920K), 2 survivors (4096K)
 Metaspace       used 77818K, committed 78336K, reserved 1179648K
  class space    used 10830K, committed 11072K, reserved 1048576K
}
Event: 242.396 GC heap after
{Heap after GC invocations=35 (full 1):
 garbage-first heap   total 524288K, used 87848K [0x0000000701800000, 0x0000000800000000)
  region size 2048K, 3 young (6144K), 3 survivors (6144K)
 Metaspace       used 77818K, committed 78336K, reserved 1179648K
  class space    used 10830K, committed 11072K, reserved 1048576K
}
Event: 250.259 GC heap before
{Heap before GC invocations=35 (full 1):
 garbage-first heap   total 524288K, used 163624K [0x0000000701800000, 0x0000000800000000)
  region size 2048K, 40 young (81920K), 3 survivors (6144K)
 Metaspace       used 77871K, committed 78400K, reserved 1179648K
  class space    used 10830K, committed 11072K, reserved 1048576K
}
Event: 250.267 GC heap after
{Heap after GC invocations=36 (full 1):
 garbage-first heap   total 524288K, used 87515K [0x0000000701800000, 0x0000000800000000)
  region size 2048K, 3 young (6144K), 3 survivors (6144K)
 Metaspace       used 77871K, committed 78400K, reserved 1179648K
  class space    used 10830K, committed 11072K, reserved 1048576K
}
Event: 264.573 GC heap before
{Heap before GC invocations=36 (full 1):
 garbage-first heap   total 524288K, used 163291K [0x0000000701800000, 0x0000000800000000)
  region size 2048K, 40 young (81920K), 3 survivors (6144K)
 Metaspace       used 77924K, committed 78464K, reserved 1179648K
  class space    used 10831K, committed 11072K, reserved 1048576K
}
Event: 264.575 GC heap after
{Heap after GC invocations=37 (full 1):
 garbage-first heap   total 524288K, used 87443K [0x0000000701800000, 0x0000000800000000)
  region size 2048K, 3 young (6144K), 3 survivors (6144K)
 Metaspace       used 77924K, committed 78464K, reserved 1179648K
  class space    used 10831K, committed 11072K, reserved 1048576K
}
Event: 288.869 GC heap before
{Heap before GC invocations=37 (full 1):
 garbage-first heap   total 524288K, used 163219K [0x0000000701800000, 0x0000000800000000)
  region size 2048K, 40 young (81920K), 3 survivors (6144K)
 Metaspace       used 78025K, committed 78592K, reserved 1179648K
  class space    used 10831K, committed 11072K, reserved 1048576K
}
Event: 288.872 GC heap after
{Heap after GC invocations=38 (full 1):
 garbage-first heap   total 524288K, used 87630K [0x0000000701800000, 0x0000000800000000)
  region size 2048K, 3 young (6144K), 3 survivors (6144K)
 Metaspace       used 78025K, committed 78592K, reserved 1179648K
  class space    used 10831K, committed 11072K, reserved 1048576K
}
Event: 310.281 GC heap before
{Heap before GC invocations=38 (full 1):
 garbage-first heap   total 524288K, used 163406K [0x0000000701800000, 0x0000000800000000)
  region size 2048K, 40 young (81920K), 3 survivors (6144K)
 Metaspace       used 78068K, committed 78656K, reserved 1179648K
  class space    used 10831K, committed 11072K, reserved 1048576K
}
Event: 310.286 GC heap after
{Heap after GC invocations=39 (full 1):
 garbage-first heap   total 524288K, used 87673K [0x0000000701800000, 0x0000000800000000)
  region size 2048K, 2 young (4096K), 2 survivors (4096K)
 Metaspace       used 78068K, committed 78656K, reserved 1179648K
  class space    used 10831K, committed 11072K, reserved 1048576K
}

